-------------------------------------------------------------------------------
Test set: com.example.appengine.firetactoe.FirebaseChannelTest
-------------------------------------------------------------------------------
Tests run: 1, Failures: 0, Errors: 1, Skipped: 0, Time elapsed: 0 sec <<< FAILURE! - in com.example.appengine.firetactoe.FirebaseChannelTest
com.example.appengine.firetactoe.FirebaseChannelTest  Time elapsed: 0 sec  <<< ERROR!
java.lang.RuntimeException: java.io.IOException: The Application Default Credentials are not available. They are available if running on Google App Engine, Google Compute Engine, or Google Cloud Shell. Otherwise, the environment variable GOOGLE_APPLICATION_CREDENTIALS must be defined pointing to a file defining the credentials. See https://developers.google.com/accounts/docs/application-default-credentials for more information.
	at com.example.appengine.firetactoe.FirebaseChannel.<init>(FirebaseChannel.java:98)
	at com.example.appengine.firetactoe.FirebaseChannel.getInstance(FirebaseChannel.java:72)
	at com.example.appengine.firetactoe.FirebaseChannelTest.setUpBeforeClass(FirebaseChannelTest.java:59)
	at sun.reflect.NativeMethodAccessorImpl.invoke0(Native Method)
	at sun.reflect.NativeMethodAccessorImpl.invoke(NativeMethodAccessorImpl.java:62)
	at sun.reflect.DelegatingMethodAccessorImpl.invoke(DelegatingMethodAccessorImpl.java:43)
	at java.lang.reflect.Method.invoke(Method.java:498)
	at org.junit.runners.model.FrameworkMethod$1.runReflectiveCall(FrameworkMethod.java:50)
	at org.junit.internal.runners.model.ReflectiveCallable.run(ReflectiveCallable.java:12)
	at org.junit.runners.model.FrameworkMethod.invokeExplosively(FrameworkMethod.java:47)
	at org.junit.internal.runners.statements.RunBefores.evaluate(RunBefores.java:24)
	at org.junit.runners.ParentRunner.run(ParentRunner.java:363)
	at org.apache.maven.surefire.junit4.JUnit4Provider.execute(JUnit4Provider.java:367)
	at org.apache.maven.surefire.junit4.JUnit4Provider.executeWithRerun(JUnit4Provider.java:274)
	at org.apache.maven.surefire.junit4.JUnit4Provider.executeTestSet(JUnit4Provider.java:238)
	at org.apache.maven.surefire.junit4.JUnit4Provider.invoke(JUnit4Provider.java:161)
	at org.apache.maven.surefire.booter.ForkedBooter.invokeProviderInSameClassLoader(ForkedBooter.java:290)
	at org.apache.maven.surefire.booter.ForkedBooter.runSuitesInProcess(ForkedBooter.java:242)
	at org.apache.maven.surefire.booter.ForkedBooter.main(ForkedBooter.java:121)
Caused by: java.io.IOException: The Application Default Credentials are not available. They are available if running on Google App Engine, Google Compute Engine, or Google Cloud Shell. Otherwise, the environment variable GOOGLE_APPLICATION_CREDENTIALS must be defined pointing to a file defining the credentials. See https://developers.google.com/accounts/docs/application-default-credentials for more information.
	at com.google.api.client.googleapis.auth.oauth2.DefaultCredentialProvider.getDefaultCredential(DefaultCredentialProvider.java:98)
	at com.google.api.client.googleapis.auth.oauth2.GoogleCredential.getApplicationDefault(GoogleCredential.java:213)
	at com.google.api.client.googleapis.auth.oauth2.GoogleCredential.getApplicationDefault(GoogleCredential.java:191)
	at com.example.appengine.firetactoe.FirebaseChannel.<init>(FirebaseChannel.java:95)
	... 18 more

